<?xml version="1.0" encoding="UTF-8"?>
<!-- Generated by org.testng.reporters.JUnitReportReporter -->
<testsuite hostname="DESKTOP-AJNVIH5" failures="0" tests="13" name="org.doocti.AdminTestCase.UsersGroupTest" time="64.675" errors="0" timestamp="2024-03-21T12:56:04 IST" skipped="0">
  <testcase classname="org.doocti.AdminTestCase.UsersGroupTest" name="usergroupTC063" time="1.963"/>
  <system-out/>
  <testcase classname="org.doocti.AdminTestCase.UsersGroupTest" name="usergroupTC054" time="8.792"/>
  <system-out/>
  <testcase classname="org.doocti.AdminTestCase.UsersGroupTest" name="usergroupTC050" time="6.757"/>
  <system-out/>
  <testcase classname="org.doocti.AdminTestCase.UsersGroupTest" name="usergroupTC057" time="3.231"/>
  <system-out/>
  <testcase classname="org.doocti.AdminTestCase.UsersGroupTest" name="usergroupTC064" time="2.927"/>
  <system-out/>
  <testcase classname="org.doocti.AdminTestCase.UsersGroupTest" name="usergroupTC053" time="4.006"/>
  <system-out/>
  <testcase classname="org.doocti.AdminTestCase.UsersGroupTest" name="usergroupTC056" time="5.766"/>
  <system-out/>
  <testcase classname="org.doocti.AdminTestCase.UsersGroupTest" name="usergroupTC062" time="1.777"/>
  <system-out/>
  <testcase classname="org.doocti.AdminTestCase.UsersGroupTest" name="usergroupTC052" time="3.411"/>
  <system-out/>
  <testcase classname="org.doocti.AdminTestCase.UsersGroupTest" name="usergroupTC051" time="12.607"/>
  <system-out/>
  <testcase classname="org.doocti.AdminTestCase.UsersGroupTest" name="usergroupTC061" time="6.510"/>
  <system-out/>
  <testcase classname="org.doocti.AdminTestCase.UsersGroupTest" name="usergroupTC060" time="3.331"/>
  <system-out/>
  <testcase classname="org.doocti.AdminTestCase.UsersGroupTest" name="usergroupTC055" time="3.597"/>
  <system-out/>
</testsuite> <!-- org.doocti.AdminTestCase.UsersGroupTest -->
