<?xml version="1.0" encoding="UTF-8"?>
<!-- Generated by org.testng.reporters.JUnitReportReporter -->
<testsuite hostname="DESKTOP-AJNVIH5" failures="0" tests="1" name="org.doocti.AdminTestCase.ConfigurationTest" time="3.463" errors="0" timestamp="2024-03-20T14:23:18 IST" skipped="0">
  <testcase classname="org.doocti.AdminTestCase.ConfigurationTest" name="configTC007" time="3.463"/>
  <system-out/>
</testsuite> <!-- org.doocti.AdminTestCase.ConfigurationTest -->
