<?xml version="1.0" encoding="UTF-8"?>
<!-- Generated by org.testng.reporters.JUnitReportReporter -->
<testsuite hostname="DESKTOP-AJNVIH5" failures="0" tests="6" name="LoginTest" time="105.810" errors="0" timestamp="2024-03-19T11:50:22 IST" skipped="0">
  <testcase classname="LoginTest" name="LoginTC003" time="15.150"/>
  <system-out/>
  <testcase classname="LoginTest" name="LoginTC004" time="17.710"/>
  <system-out/>
  <testcase classname="LoginTest" name="LoginTC005" time="21.717"/>
  <system-out/>
  <testcase classname="LoginTest" name="LoginTC006" time="21.893"/>
  <system-out/>
  <testcase classname="LoginTest" name="LoginTC002" time="16.258"/>
  <system-out/>
  <testcase classname="LoginTest" name="LoginTC001" time="13.082"/>
  <system-out/>
</testsuite> <!-- LoginTest -->
